<?xml version="1.0" encoding="UTF-8"?>
<!-- Generated by org.testng.reporters.JUnitXMLReporter -->
<testsuite hostname="DESKTOP-UHNMMSV" ignored="1" name="Default test" tests="1" failures="0" timestamp="13 Aug 2020 08:39:25 GMT" time="42.328" errors="0">
  <testcase name="createNewTaskTest" time="9.419" classname="com.actitime.qa.testcases.TimeTrackTest"/>
  <testcase name="TimeTrackePageTitleTest" time="0.0" classname="com.actitime.qa.testcases.TimeTrackTest">
    <ignored/>
  </testcase> <!-- TimeTrackePageTitleTest -->
</testsuite> <!-- Default test -->
