<?xml version="1.0" encoding="UTF-8"?>
<!-- Generated by org.testng.reporters.JUnitXMLReporter -->
<testsuite hostname="Samsu-PC" ignored="1" name="Default test" tests="1" failures="0" timestamp="23 Aug 2020 20:30:21 GMT" time="16.318" errors="0">
  <testcase name="createNewTaskTest" time="3.182" classname="com.actitime.qa.testcases.TimeTrackTest"/>
  <testcase name="TimeTrackePageTitleTest" time="0.0" classname="com.actitime.qa.testcases.TimeTrackTest">
    <ignored/>
  </testcase> <!-- TimeTrackePageTitleTest -->
</testsuite> <!-- Default test -->
