<?xml version="1.0" encoding="UTF-8"?>
<!-- Generated by org.testng.reporters.JUnitXMLReporter -->
<testsuite hostname="Samsu-PC" ignored="0" name="Test" tests="8" failures="0" timestamp="05 Apr 2021 17:02:55 GMT" time="110.442" errors="0">
  <testcase name="loginPageTitleTest" time="0.073" classname="com.actitime.qa.testcases.LoginPageTest"/>
  <testcase name="actiTimeLogoAndProdNameTest" time="0.281" classname="com.actitime.qa.testcases.LoginPageTest"/>
  <testcase name="loginTest" time="8.132" classname="com.actitime.qa.testcases.LoginPageTest"/>
  <testcase name="forgotPwdLinkTest" time="0.138" classname="com.actitime.qa.testcases.LoginPageTest"/>
  <testcase name="KeepMeLoggedInTest" time="0.159" classname="com.actitime.qa.testcases.LoginPageTest"/>
  <testcase name="checkBoxTest" time="0.391" classname="com.actitime.qa.testcases.LoginPageTest"/>
  <testcase name="copyRightTest" time="0.129" classname="com.actitime.qa.testcases.LoginPageTest"/>
  <testcase name="versionTest" time="0.105" classname="com.actitime.qa.testcases.LoginPageTest"/>
</testsuite> <!-- Test -->
